app/build/intermediates/manifest_merge_blame_file/debug/manifest-merger-blame-debug-report.txt
1<?xml version="1.0" encoding="utf-8"?>
2<manifest xmlns:android="http://schemas.android.com/apk/res/android"
3    xmlns:dist="http://schemas.android.com/apk/distribution"
4    package="com.lancapp"
5    android:versionCode="1"
6    android:versionName="1.0" >
7
8    <uses-sdk
9        android:minSdkVersion="16"
9-->src\main\AndroidManifest.xml
10        android:targetSdkVersion="29" />
10-->src\main\AndroidManifest.xml
11
12    <dist:module dist:instant="true" />
12-->src\main\AndroidManifest.xml:6:5-40
12-->src\main\AndroidManifest.xml:6:18-37
13
14    <uses-permission android:name="android.permission.READ_EXTERNAL_STORAGE" />
14-->src\main\AndroidManifest.xml:8:5-96
14-->src\main\AndroidManifest.xml:8:22-77
15
16    <application
16-->src\main\AndroidManifest.xml:9:5-26:19
17        android:allowBackup="true"
17-->src\main\AndroidManifest.xml:10:9-35
18        android:appComponentFactory="androidx.core.app.CoreComponentFactory"
18-->[androidx.core:core:1.1.0] AndroidManifest.xml:24:18-86
19        android:debuggable="true"
20        android:icon="@mipmap/ic_logo_lascapp"
20-->src\main\AndroidManifest.xml:11:9-47
21        android:label="@string/app_name"
21-->src\main\AndroidManifest.xml:12:9-41
22        android:roundIcon="@mipmap/ic_logo_lascapp"
22-->src\main\AndroidManifest.xml:13:9-52
23        android:supportsRtl="true"
23-->src\main\AndroidManifest.xml:14:9-35
24        android:theme="@style/Theme.MaterialComponents.Light.NoActionBar" >
24-->src\main\AndroidManifest.xml:15:9-74
25        <activity android:name="com.lancapp.views.MainContentActivity" />
25-->src\main\AndroidManifest.xml:16:9-72
25-->src\main\AndroidManifest.xml:16:19-60
26        <activity android:name="com.lancapp.views.RegisterNewUserActivity" />
26-->src\main\AndroidManifest.xml:17:9-67
26-->src\main\AndroidManifest.xml:17:19-64
27        <activity android:name="com.lancapp.views.Login" />
27-->src\main\AndroidManifest.xml:18:9-49
27-->src\main\AndroidManifest.xml:18:19-46
28        <activity android:name="com.lancapp.views.SplashScreen" >
28-->src\main\AndroidManifest.xml:19:9-25:20
28-->src\main\AndroidManifest.xml:19:19-53
29            <intent-filter>
29-->src\main\AndroidManifest.xml:20:13-24:29
30                <action android:name="android.intent.action.MAIN" />
30-->src\main\AndroidManifest.xml:21:17-69
30-->src\main\AndroidManifest.xml:21:25-66
31
32                <category android:name="android.intent.category.LAUNCHER" />
32-->src\main\AndroidManifest.xml:23:17-77
32-->src\main\AndroidManifest.xml:23:27-74
33            </intent-filter>
34        </activity>
35    </application>
36
37</manifest>